\BOOKMARK [1][-]{section.1}{Template Descriptions}{}% 1
\BOOKMARK [2][-]{subsection.1.1}{Template Folder Structure}{section.1}% 2
\BOOKMARK [2][-]{subsection.1.2}{Student and Project Information}{section.1}% 3
\BOOKMARK [1][-]{section.2}{Introduction}{}% 4
\BOOKMARK [2][-]{subsection.2.1}{Aims and Objectives}{section.2}% 5
\BOOKMARK [3][-]{subsubsection.2.1.1}{Dissertation Length}{subsection.2.1}% 6
\BOOKMARK [4][-]{paragraph.2.1.1.1}{Dissertation Length}{subsubsection.2.1.1}% 7
\BOOKMARK [2][-]{subsection.2.2}{Background and Literature Survey}{section.2}% 8
\BOOKMARK [2][-]{subsection.2.3}{Insert More Sections if Necessary}{section.2}% 9
\BOOKMARK [1][-]{section.3}{Background Theories}{}% 10
\BOOKMARK [1][-]{section.4}{Objectives, Specification and Design}{}% 11
\BOOKMARK [1][-]{section.5}{Methodology and Implementation}{}% 12
\BOOKMARK [1][-]{section.6}{Results, Analysis and Evaluation}{}% 13
\BOOKMARK [1][-]{section.7}{Legal, Social, Ethical and Professional Issues}{}% 14
\BOOKMARK [1][-]{section.8}{Others}{}% 15
\BOOKMARK [2][-]{subsection.8.1}{Maths}{section.8}% 16
\BOOKMARK [2][-]{subsection.8.2}{Glossary and acronyms}{section.8}% 17
\BOOKMARK [2][-]{subsection.8.3}{Figures}{section.8}% 18
\BOOKMARK [2][-]{subsection.8.4}{Table}{section.8}% 19
\BOOKMARK [1][-]{section.9}{More Others}{}% 20
\BOOKMARK [2][-]{subsection.9.1}{What is calibration?}{section.9}% 21
\BOOKMARK [2][-]{subsection.9.2}{Numerical methods for calibration}{section.9}% 22
\BOOKMARK [1][-]{section.10}{Conclusion}{}% 23
\BOOKMARK [1][-]{section*.9}{References}{}% 24
\BOOKMARK [1][-]{appendix.A}{Appendix}{}% 25
\BOOKMARK [2][-]{subsection.A.1}{Points to Note}{appendix.A}% 26
\BOOKMARK [1][-]{appendix.B}{Review of stochastic calculus}{}% 27
\BOOKMARK [2][-]{subsection.B.1}{Riemann integration}{appendix.B}% 28
\BOOKMARK [2][-]{subsection.B.2}{The It\364 integral}{appendix.B}% 29
